<?xml version="1.0" encoding="UTF-8"?>
<!-- Generated by org.testng.reporters.JUnitReportReporter -->
<testsuite skipped="0" hostname="Dell" name="com.MavenTestNG.BaseClass" tests="1" failures="0" timestamp="29 Dec 2018 15:58:39 GMT" time="18.158" errors="0">
  <testcase name="setUp" time="18.158" classname="com.MavenTestNG.BaseClass"/>
</testsuite> <!-- com.MavenTestNG.BaseClass -->
